<?xml version="1.0" encoding="UTF-8"?>
<!-- Generated by org.testng.reporters.JUnitReportReporter -->
<testsuite hostname="LAPTOP-QUMG6PNP" failures="0" tests="1" name="testcases.first_maven" time="15.393" errors="0" timestamp="2023-04-28T05:17:42 IST" skipped="0">
  <testcase classname="testcases.first_maven" name="test" time="15.393"/>
  <system-out/>
</testsuite> <!-- testcases.first_maven -->
